mode: set
github.com/andrewstuart/aoc2022/2023/03/main.go:15.13,17.16 2 0
github.com/andrewstuart/aoc2022/2023/03/main.go:17.16,19.3 1 0
github.com/andrewstuart/aoc2022/2023/03/main.go:20.2,24.22 3 0
github.com/andrewstuart/aoc2022/2023/03/main.go:29.27,30.66 1 1
github.com/andrewstuart/aoc2022/2023/03/main.go:30.66,32.3 1 1
github.com/andrewstuart/aoc2022/2023/03/main.go:33.2,33.16 1 1
github.com/andrewstuart/aoc2022/2023/03/main.go:33.16,35.3 1 0
github.com/andrewstuart/aoc2022/2023/03/main.go:37.2,38.30 2 1
github.com/andrewstuart/aoc2022/2023/03/main.go:38.30,39.34 1 1
github.com/andrewstuart/aoc2022/2023/03/main.go:39.34,41.15 2 1
github.com/andrewstuart/aoc2022/2023/03/main.go:41.15,42.13 1 1
github.com/andrewstuart/aoc2022/2023/03/main.go:44.4,45.18 2 1
github.com/andrewstuart/aoc2022/2023/03/main.go:45.18,46.13 1 0
github.com/andrewstuart/aoc2022/2023/03/main.go:48.4,48.35 1 1
github.com/andrewstuart/aoc2022/2023/03/main.go:48.35,50.5 1 1
github.com/andrewstuart/aoc2022/2023/03/main.go:52.4,52.19 1 1
github.com/andrewstuart/aoc2022/2023/03/main.go:55.2,55.14 1 1
github.com/andrewstuart/aoc2022/2023/03/main.go:58.44,60.15 2 1
github.com/andrewstuart/aoc2022/2023/03/main.go:60.15,61.30 1 1
github.com/andrewstuart/aoc2022/2023/03/main.go:61.30,63.4 1 1
github.com/andrewstuart/aoc2022/2023/03/main.go:65.2,65.19 1 1
github.com/andrewstuart/aoc2022/2023/03/main.go:65.19,66.30 1 1
github.com/andrewstuart/aoc2022/2023/03/main.go:66.30,68.4 1 1
github.com/andrewstuart/aoc2022/2023/03/main.go:70.2,70.11 1 1
github.com/andrewstuart/aoc2022/2023/03/main.go:70.11,72.3 1 1
github.com/andrewstuart/aoc2022/2023/03/main.go:73.2,73.23 1 1
github.com/andrewstuart/aoc2022/2023/03/main.go:73.23,75.3 1 1
github.com/andrewstuart/aoc2022/2023/03/main.go:76.2,77.14 2 1
github.com/andrewstuart/aoc2022/2023/03/main.go:80.47,81.31 1 1
github.com/andrewstuart/aoc2022/2023/03/main.go:81.31,82.32 1 1
github.com/andrewstuart/aoc2022/2023/03/main.go:82.32,83.12 1 1
github.com/andrewstuart/aoc2022/2023/03/main.go:85.3,87.21 3 1
github.com/andrewstuart/aoc2022/2023/03/main.go:87.21,89.4 1 1
github.com/andrewstuart/aoc2022/2023/03/main.go:91.2,92.14 2 1
github.com/andrewstuart/aoc2022/2023/03/main.go:95.31,98.2 2 1
